<?xml version="1.0" encoding="UTF-8"?>
<testsuite xmlns:xsi="http://www.w3.org/2001/XMLSchema-instance" xsi:noNamespaceSchemaLocation="https://maven.apache.org/surefire/maven-surefire-plugin/xsd/surefire-test-report.xsd" name="com.swm.ml.controller.MlControllerTest" time="1.117" tests="9" errors="0" skipped="0" failures="0">
  <properties>
[...]
</properties>
  <testcase name="testPredictWithValidRequest" classname="com.swm.ml.controller.MlControllerTest" time="0.375"/>
  <testcase name="testHealthEndpoint" classname="com.swm.ml.controller.MlControllerTest" time="0.006"/>
  <testcase name="testTrainEndpoint" classname="com.swm.ml.controller.MlControllerTest" time="0.012"/>
  <testcase name="testTrainWithEmptyData" classname="com.swm.ml.controller.MlControllerTest" time="0.005"/>
  <testcase name="testOptimizeRoutesEndpoint" classname="com.swm.ml.controller.MlControllerTest" time="0.012"/>
  <testcase name="testPredictWithInvalidFeatureCount" classname="com.swm.ml.controller.MlControllerTest" time="0.003"/>
  <testcase name="testNonExistentEndpoint" classname="com.swm.ml.controller.MlControllerTest" time="0.003"/>
  <testcase name="testPredictWithNullFeatures" classname="com.swm.ml.controller.MlControllerTest" time="0.002"/>
  <testcase name="testOptimizeRoutesWithEmptyBins" classname="com.swm.ml.controller.MlControllerTest" time="0.002"/>
</testsuite>